# JRE version: Java(TM) SE Runtime Environment (17.0.7+8) (build 17.0.7+8-LTS-224)
# Java VM: Java HotSpot(TM) 64-Bit Server VM (17.0.7+8-LTS-224, mixed mode, sharing, tiered, compressed oops, compressed class ptrs, g1 gc, windows-amd64)
GC Precious Log:
 CPUs: 4 total, 4 available
 Memory: 3958M
 Large Page Support: Disabled
 NUMA Support: Disabled
 Compressed Oops: Enabled (32-bit)
 Heap Region Size: 1M
 Heap Min Capacity: 8M
 Heap Initial Capacity: 62M
 Heap Max Capacity: 2G
 Pre-touch: Disabled
 Parallel Workers: 4
 Concurrent Workers: 1
 Concurrent Refinement Workers: 4
 Periodic GC: Disabled
Heap:
 garbage-first heap   total 391168K, used 264192K [0x0000000080000000, 0x0000000100000000)
  region size 1024K, 3 young (3072K), 3 survivors (3072K)
 Metaspace       used 122683K, committed 123584K, reserved 1163264K
  class space    used 15849K, committed 16256K, reserved 1048576K
GC Heap History (20 events):
Event: 204.987 GC heap after
{Heap after GC invocations=46 (full 0):
 garbage-first heap   total 325632K, used 142677K [0x0000000080000000, 0x0000000100000000)
  region size 1024K, 4 young (4096K), 4 survivors (4096K)
 Metaspace       used 110942K, committed 111808K, reserved 1146880K
  class space    used 14496K, committed 14912K, reserved 1048576K
}
Event: 216.839 GC heap before
{Heap before GC invocations=46 (full 0):
 garbage-first heap   total 325632K, used 262485K [0x0000000080000000, 0x0000000100000000)
  region size 1024K, 121 young (123904K), 4 survivors (4096K)
 Metaspace       used 112562K, committed 113408K, reserved 1155072K
  class space    used 14575K, committed 14976K, reserved 1048576K
}
Event: 216.908 GC heap after
{Heap after GC invocations=47 (full 0):
 garbage-first heap   total 325632K, used 144646K [0x0000000080000000, 0x0000000100000000)
  region size 1024K, 6 young (6144K), 6 survivors (6144K)
 Metaspace       used 112562K, committed 113408K, reserved 1155072K
  class space    used 14575K, committed 14976K, reserved 1048576K
}
Event: 221.699 GC heap before
{Heap before GC invocations=47 (full 0):
 garbage-first heap   total 325632K, used 264454K [0x0000000080000000, 0x0000000100000000)
  region size 1024K, 88 young (90112K), 6 survivors (6144K)
 Metaspace       used 115381K, committed 116224K, reserved 1155072K
  class space    used 14934K, committed 15360K, reserved 1048576K
}
Event: 221.796 GC heap after
{Heap after GC invocations=48 (full 0):
 garbage-first heap   total 325632K, used 178005K [0x0000000080000000, 0x0000000100000000)
  region size 1024K, 14 young (14336K), 14 survivors (14336K)
 Metaspace       used 115381K, committed 116224K, reserved 1155072K
  class space    used 14934K, committed 15360K, reserved 1048576K
}
Event: 227.260 GC heap before
{Heap before GC invocations=48 (full 0):
 garbage-first heap   total 325632K, used 258901K [0x0000000080000000, 0x0000000100000000)
  region size 1024K, 84 young (86016K), 14 survivors (14336K)
 Metaspace       used 117628K, committed 118464K, reserved 1155072K
  class space    used 15249K, committed 15680K, reserved 1048576K
}
Event: 227.606 GC heap after
{Heap after GC invocations=49 (full 0):
 garbage-first heap   total 325632K, used 202717K [0x0000000080000000, 0x0000000100000000)
  region size 1024K, 11 young (11264K), 11 survivors (11264K)
 Metaspace       used 117628K, committed 118464K, reserved 1155072K
  class space    used 15249K, committed 15680K, reserved 1048576K
}
Event: 228.017 GC heap before
{Heap before GC invocations=49 (full 0):
 garbage-first heap   total 325632K, used 206813K [0x0000000080000000, 0x0000000100000000)
  region size 1024K, 15 young (15360K), 11 survivors (11264K)
 Metaspace       used 117667K, committed 118528K, reserved 1155072K
  class space    used 15249K, committed 15680K, reserved 1048576K
}
Event: 228.162 GC heap after
{Heap after GC invocations=50 (full 0):
 garbage-first heap   total 325632K, used 206336K [0x0000000080000000, 0x0000000100000000)
  region size 1024K, 2 young (2048K), 2 survivors (2048K)
 Metaspace       used 117667K, committed 118528K, reserved 1155072K
  class space    used 15249K, committed 15680K, reserved 1048576K
}
Event: 229.233 GC heap before
{Heap before GC invocations=50 (full 0):
 garbage-first heap   total 325632K, used 230912K [0x0000000080000000, 0x0000000100000000)
  region size 1024K, 26 young (26624K), 2 survivors (2048K)
 Metaspace       used 118376K, committed 119232K, reserved 1155072K
  class space    used 15329K, committed 15744K, reserved 1048576K
}
Event: 229.345 GC heap after
{Heap after GC invocations=51 (full 0):
 garbage-first heap   total 325632K, used 218112K [0x0000000080000000, 0x0000000100000000)
  region size 1024K, 4 young (4096K), 4 survivors (4096K)
 Metaspace       used 118376K, committed 119232K, reserved 1155072K
  class space    used 15329K, committed 15744K, reserved 1048576K
}
Event: 229.894 GC heap before
{Heap before GC invocations=51 (full 0):
 garbage-first heap   total 325632K, used 228352K [0x0000000080000000, 0x0000000100000000)
  region size 1024K, 15 young (15360K), 4 survivors (4096K)
 Metaspace       used 118991K, committed 119744K, reserved 1155072K
  class space    used 15439K, committed 15808K, reserved 1048576K
}
Event: 230.004 GC heap after
{Heap after GC invocations=52 (full 0):
 garbage-first heap   total 391168K, used 224211K [0x0000000080000000, 0x0000000100000000)
  region size 1024K, 2 young (2048K), 2 survivors (2048K)
 Metaspace       used 118991K, committed 119744K, reserved 1155072K
  class space    used 15439K, committed 15808K, reserved 1048576K
}
Event: 231.293 GC heap before
{Heap before GC invocations=52 (full 0):
 garbage-first heap   total 391168K, used 240595K [0x0000000080000000, 0x0000000100000000)
  region size 1024K, 19 young (19456K), 2 survivors (2048K)
 Metaspace       used 119777K, committed 120576K, reserved 1155072K
  class space    used 15527K, committed 15936K, reserved 1048576K
}
Event: 231.390 GC heap after
{Heap after GC invocations=53 (full 0):
 garbage-first heap   total 391168K, used 233472K [0x0000000080000000, 0x0000000100000000)
  region size 1024K, 3 young (3072K), 3 survivors (3072K)
 Metaspace       used 119777K, committed 120576K, reserved 1155072K
  class space    used 15527K, committed 15936K, reserved 1048576K
}
Event: 231.968 GC heap before
{Heap before GC invocations=53 (full 0):
 garbage-first heap   total 391168K, used 249856K [0x0000000080000000, 0x0000000100000000)
  region size 1024K, 19 young (19456K), 3 survivors (3072K)
 Metaspace       used 120544K, committed 121408K, reserved 1155072K
  class space    used 15622K, committed 16064K, reserved 1048576K
}
Event: 232.079 GC heap after
{Heap after GC invocations=54 (full 0):
 garbage-first heap   total 391168K, used 242412K [0x0000000080000000, 0x0000000100000000)
  region size 1024K, 3 young (3072K), 3 survivors (3072K)
 Metaspace       used 120544K, committed 121408K, reserved 1155072K
  class space    used 15622K, committed 16064K, reserved 1048576K
}
Event: 232.713 GC heap before
{Heap before GC invocations=54 (full 0):
 garbage-first heap   total 391168K, used 262892K [0x0000000080000000, 0x0000000100000000)
  region size 1024K, 23 young (23552K), 3 survivors (3072K)
 Metaspace       used 121331K, committed 122176K, reserved 1155072K
  class space    used 15698K, committed 16128K, reserved 1048576K
}
Event: 232.864 GC heap after
{Heap after GC invocations=55 (full 0):
 garbage-first heap   total 391168K, used 252928K [0x0000000080000000, 0x0000000100000000)
  region size 1024K, 3 young (3072K), 3 survivors (3072K)
 Metaspace       used 121331K, committed 122176K, reserved 1155072K
  class space    used 15698K, committed 16128K, reserved 1048576K
}
Event: 233.742 GC heap before
{Heap before GC invocations=55 (full 0):
 garbage-first heap   total 391168K, used 273408K [0x0000000080000000, 0x0000000100000000)
  region size 1024K, 23 young (23552K), 3 survivors (3072K)
 Metaspace       used 122683K, committed 123584K, reserved 1163264K
  class space    used 15849K, committed 16256K, reserved 1048576K
}

