# JRE version: Java(TM) SE Runtime Environment (17.0.7+8) (build 17.0.7+8-LTS-224)
# Java VM: Java HotSpot(TM) 64-Bit Server VM (17.0.7+8-LTS-224, mixed mode, sharing, tiered, compressed oops, compressed class ptrs, g1 gc, windows-amd64)
GC Precious Log:
 CPUs: 4 total, 4 available
 Memory: 3958M
 Large Page Support: Disabled
 NUMA Support: Disabled
 Compressed Oops: Enabled (32-bit)
 Heap Region Size: 1M
 Heap Min Capacity: 8M
 Heap Initial Capacity: 62M
 Heap Max Capacity: 2G
 Pre-touch: Disabled
 Parallel Workers: 4
 Concurrent Workers: 1
 Concurrent Refinement Workers: 4
 Periodic GC: Disabled
Heap:
 garbage-first heap   total 417792K, used 228821K [0x0000000080000000, 0x0000000100000000)
  region size 1024K, 13 young (13312K), 13 survivors (13312K)
 Metaspace       used 148486K, committed 149376K, reserved 1179648K
  class space    used 19120K, committed 19584K, reserved 1048576K
GC Heap History (20 events):
Event: 166.918 GC heap after
{Heap after GC invocations=49 (full 0):
 garbage-first heap   total 417792K, used 181046K [0x0000000080000000, 0x0000000100000000)
  region size 1024K, 4 young (4096K), 4 survivors (4096K)
 Metaspace       used 128782K, committed 129536K, reserved 1163264K
  class space    used 16713K, committed 17088K, reserved 1048576K
}
Event: 174.731 GC heap before
{Heap before GC invocations=50 (full 0):
 garbage-first heap   total 417792K, used 241462K [0x0000000080000000, 0x0000000100000000)
  region size 1024K, 60 young (61440K), 4 survivors (4096K)
 Metaspace       used 131414K, committed 132224K, reserved 1171456K
  class space    used 17071K, committed 17472K, reserved 1048576K
}
Event: 174.887 GC heap after
{Heap after GC invocations=51 (full 0):
 garbage-first heap   total 417792K, used 194560K [0x0000000080000000, 0x0000000100000000)
  region size 1024K, 8 young (8192K), 8 survivors (8192K)
 Metaspace       used 131414K, committed 132224K, reserved 1171456K
  class space    used 17071K, committed 17472K, reserved 1048576K
}
Event: 175.612 GC heap before
{Heap before GC invocations=51 (full 0):
 garbage-first heap   total 417792K, used 206848K [0x0000000080000000, 0x0000000100000000)
  region size 1024K, 20 young (20480K), 8 survivors (8192K)
 Metaspace       used 131414K, committed 132224K, reserved 1171456K
  class space    used 17071K, committed 17472K, reserved 1048576K
}
Event: 175.720 GC heap after
{Heap after GC invocations=52 (full 0):
 garbage-first heap   total 417792K, used 198462K [0x0000000080000000, 0x0000000100000000)
  region size 1024K, 3 young (3072K), 3 survivors (3072K)
 Metaspace       used 131414K, committed 132224K, reserved 1171456K
  class space    used 17071K, committed 17472K, reserved 1048576K
}
Event: 185.806 GC heap before
{Heap before GC invocations=52 (full 0):
 garbage-first heap   total 417792K, used 305982K [0x0000000080000000, 0x0000000100000000)
  region size 1024K, 109 young (111616K), 3 survivors (3072K)
 Metaspace       used 131441K, committed 132288K, reserved 1171456K
  class space    used 17072K, committed 17472K, reserved 1048576K
}
Event: 186.045 GC heap after
{Heap after GC invocations=53 (full 0):
 garbage-first heap   total 417792K, used 210944K [0x0000000080000000, 0x0000000100000000)
  region size 1024K, 14 young (14336K), 14 survivors (14336K)
 Metaspace       used 131441K, committed 132288K, reserved 1171456K
  class space    used 17072K, committed 17472K, reserved 1048576K
}
Event: 188.029 GC heap before
{Heap before GC invocations=53 (full 0):
 garbage-first heap   total 417792K, used 206848K [0x0000000080000000, 0x0000000100000000)
  region size 1024K, 20 young (20480K), 14 survivors (14336K)
 Metaspace       used 131441K, committed 132288K, reserved 1171456K
  class space    used 17072K, committed 17472K, reserved 1048576K
}
Event: 188.120 GC heap after
{Heap after GC invocations=54 (full 0):
 garbage-first heap   total 417792K, used 203122K [0x0000000080000000, 0x0000000100000000)
  region size 1024K, 3 young (3072K), 3 survivors (3072K)
 Metaspace       used 131441K, committed 132288K, reserved 1171456K
  class space    used 17072K, committed 17472K, reserved 1048576K
}
Event: 196.816 GC heap before
{Heap before GC invocations=55 (full 0):
 garbage-first heap   total 417792K, used 292210K [0x0000000080000000, 0x0000000100000000)
  region size 1024K, 90 young (92160K), 3 survivors (3072K)
 Metaspace       used 131443K, committed 132288K, reserved 1171456K
  class space    used 17072K, committed 17472K, reserved 1048576K
}
Event: 196.858 GC heap after
{Heap after GC invocations=56 (full 0):
 garbage-first heap   total 417792K, used 205812K [0x0000000080000000, 0x0000000100000000)
  region size 1024K, 6 young (6144K), 6 survivors (6144K)
 Metaspace       used 131443K, committed 132288K, reserved 1171456K
  class space    used 17072K, committed 17472K, reserved 1048576K
}
Event: 198.210 GC heap before
{Heap before GC invocations=56 (full 0):
 garbage-first heap   total 417792K, used 219124K [0x0000000080000000, 0x0000000100000000)
  region size 1024K, 20 young (20480K), 6 survivors (6144K)
 Metaspace       used 131443K, committed 132288K, reserved 1171456K
  class space    used 17072K, committed 17472K, reserved 1048576K
}
Event: 198.275 GC heap after
{Heap after GC invocations=57 (full 0):
 garbage-first heap   total 417792K, used 201396K [0x0000000080000000, 0x0000000100000000)
  region size 1024K, 3 young (3072K), 3 survivors (3072K)
 Metaspace       used 131443K, committed 132288K, reserved 1171456K
  class space    used 17072K, committed 17472K, reserved 1048576K
}
Event: 206.587 GC heap before
{Heap before GC invocations=57 (full 0):
 garbage-first heap   total 417792K, used 329396K [0x0000000080000000, 0x0000000100000000)
  region size 1024K, 128 young (131072K), 3 survivors (3072K)
 Metaspace       used 131444K, committed 132288K, reserved 1171456K
  class space    used 17072K, committed 17472K, reserved 1048576K
}
Event: 206.674 GC heap after
{Heap after GC invocations=58 (full 0):
 garbage-first heap   total 417792K, used 205468K [0x0000000080000000, 0x0000000100000000)
  region size 1024K, 7 young (7168K), 7 survivors (7168K)
 Metaspace       used 131444K, committed 132288K, reserved 1171456K
  class space    used 17072K, committed 17472K, reserved 1048576K
}
Event: 216.521 GC heap before
{Heap before GC invocations=58 (full 0):
 garbage-first heap   total 417792K, used 344732K [0x0000000080000000, 0x0000000100000000)
  region size 1024K, 127 young (130048K), 7 survivors (7168K)
 Metaspace       used 132923K, committed 133696K, reserved 1171456K
  class space    used 17157K, committed 17536K, reserved 1048576K
}
Event: 216.720 GC heap after
{Heap after GC invocations=59 (full 0):
 garbage-first heap   total 417792K, used 215409K [0x0000000080000000, 0x0000000100000000)
  region size 1024K, 16 young (16384K), 16 survivors (16384K)
 Metaspace       used 132923K, committed 133696K, reserved 1171456K
  class space    used 17157K, committed 17536K, reserved 1048576K
}
Event: 220.457 GC heap before
{Heap before GC invocations=59 (full 0):
 garbage-first heap   total 417792K, used 235889K [0x0000000080000000, 0x0000000100000000)
  region size 1024K, 37 young (37888K), 16 survivors (16384K)
 Metaspace       used 135989K, committed 136768K, reserved 1171456K
  class space    used 17625K, committed 17984K, reserved 1048576K
}
Event: 220.588 GC heap after
{Heap after GC invocations=60 (full 0):
 garbage-first heap   total 417792K, used 217591K [0x0000000080000000, 0x0000000100000000)
  region size 1024K, 2 young (2048K), 2 survivors (2048K)
 Metaspace       used 135989K, committed 136768K, reserved 1171456K
  class space    used 17625K, committed 17984K, reserved 1048576K
}
Event: 244.266 GC heap before
{Heap before GC invocations=60 (full 0):
 garbage-first heap   total 417792K, used 343543K [0x0000000080000000, 0x0000000100000000)
  region size 1024K, 126 young (129024K), 2 survivors (2048K)
 Metaspace       used 148486K, committed 149376K, reserved 1179648K
  class space    used 19120K, committed 19584K, reserved 1048576K
}

