# JRE version: Java(TM) SE Runtime Environment (17.0.7+8) (build 17.0.7+8-LTS-224)
# Java VM: Java HotSpot(TM) 64-Bit Server VM (17.0.7+8-LTS-224, mixed mode, sharing, tiered, compressed oops, compressed class ptrs, g1 gc, windows-amd64)
GC Precious Log:
 CPUs: 4 total, 4 available
 Memory: 3958M
 Large Page Support: Disabled
 NUMA Support: Disabled
 Compressed Oops: Enabled (32-bit)
 Heap Region Size: 1M
 Heap Min Capacity: 8M
 Heap Initial Capacity: 62M
 Heap Max Capacity: 2G
 Pre-touch: Disabled
 Parallel Workers: 4
 Concurrent Workers: 1
 Concurrent Refinement Workers: 4
 Periodic GC: Disabled
Heap:
 garbage-first heap   total 438272K, used 200980K [0x0000000080000000, 0x0000000100000000)
  region size 1024K, 3 young (3072K), 3 survivors (3072K)
 Metaspace       used 143998K, committed 145280K, reserved 1179648K
  class space    used 19124K, committed 19712K, reserved 1048576K
GC Heap History (20 events):
Event: 2181.261 GC heap after
{Heap after GC invocations=51 (full 0):
 garbage-first heap   total 438272K, used 136072K [0x0000000080000000, 0x0000000100000000)
  region size 1024K, 2 young (2048K), 2 survivors (2048K)
 Metaspace       used 128681K, committed 129856K, reserved 1163264K
  class space    used 16744K, committed 17344K, reserved 1048576K
}
Event: 6630.782 GC heap before
{Heap before GC invocations=51 (full 0):
 garbage-first heap   total 438272K, used 245640K [0x0000000080000000, 0x0000000100000000)
  region size 1024K, 97 young (99328K), 2 survivors (2048K)
 Metaspace       used 128855K, committed 130048K, reserved 1163264K
  class space    used 16746K, committed 17344K, reserved 1048576K
}
Event: 6631.298 GC heap after
{Heap after GC invocations=52 (full 0):
 garbage-first heap   total 438272K, used 135436K [0x0000000080000000, 0x0000000100000000)
  region size 1024K, 2 young (2048K), 2 survivors (2048K)
 Metaspace       used 128855K, committed 130048K, reserved 1163264K
  class space    used 16746K, committed 17344K, reserved 1048576K
}
Event: 6783.225 GC heap before
{Heap before GC invocations=52 (full 0):
 garbage-first heap   total 438272K, used 153868K [0x0000000080000000, 0x0000000100000000)
  region size 1024K, 21 young (21504K), 2 survivors (2048K)
 Metaspace       used 128857K, committed 130048K, reserved 1163264K
  class space    used 16746K, committed 17344K, reserved 1048576K
}
Event: 6783.258 GC heap after
{Heap after GC invocations=53 (full 0):
 garbage-first heap   total 438272K, used 135133K [0x0000000080000000, 0x0000000100000000)
  region size 1024K, 2 young (2048K), 2 survivors (2048K)
 Metaspace       used 128857K, committed 130048K, reserved 1163264K
  class space    used 16746K, committed 17344K, reserved 1048576K
}
Event: 8035.154 GC heap before
{Heap before GC invocations=53 (full 0):
 garbage-first heap   total 438272K, used 157661K [0x0000000080000000, 0x0000000100000000)
  region size 1024K, 24 young (24576K), 2 survivors (2048K)
 Metaspace       used 128857K, committed 130048K, reserved 1163264K
  class space    used 16746K, committed 17344K, reserved 1048576K
}
Event: 8035.301 GC heap after
{Heap after GC invocations=54 (full 0):
 garbage-first heap   total 438272K, used 135104K [0x0000000080000000, 0x0000000100000000)
  region size 1024K, 2 young (2048K), 2 survivors (2048K)
 Metaspace       used 128857K, committed 130048K, reserved 1163264K
  class space    used 16746K, committed 17344K, reserved 1048576K
}
Event: 9898.251 GC heap before
{Heap before GC invocations=54 (full 0):
 garbage-first heap   total 438272K, used 168896K [0x0000000080000000, 0x0000000100000000)
  region size 1024K, 35 young (35840K), 2 survivors (2048K)
 Metaspace       used 128857K, committed 130048K, reserved 1163264K
  class space    used 16746K, committed 17344K, reserved 1048576K
}
Event: 9898.461 GC heap after
{Heap after GC invocations=55 (full 0):
 garbage-first heap   total 438272K, used 135046K [0x0000000080000000, 0x0000000100000000)
  region size 1024K, 1 young (1024K), 1 survivors (1024K)
 Metaspace       used 128857K, committed 130048K, reserved 1163264K
  class space    used 16746K, committed 17344K, reserved 1048576K
}
Event: 10027.139 GC heap before
{Heap before GC invocations=55 (full 0):
 garbage-first heap   total 438272K, used 253830K [0x0000000080000000, 0x0000000100000000)
  region size 1024K, 90 young (92160K), 1 survivors (1024K)
 Metaspace       used 134667K, committed 136000K, reserved 1171456K
  class space    used 18014K, committed 18624K, reserved 1048576K
}
Event: 10027.398 GC heap after
{Heap after GC invocations=56 (full 0):
 garbage-first heap   total 438272K, used 175192K [0x0000000080000000, 0x0000000100000000)
  region size 1024K, 12 young (12288K), 12 survivors (12288K)
 Metaspace       used 134667K, committed 136000K, reserved 1171456K
  class space    used 18014K, committed 18624K, reserved 1048576K
}
Event: 10028.750 GC heap before
{Heap before GC invocations=56 (full 0):
 garbage-first heap   total 438272K, used 184408K [0x0000000080000000, 0x0000000100000000)
  region size 1024K, 21 young (21504K), 12 survivors (12288K)
 Metaspace       used 135841K, committed 137152K, reserved 1171456K
  class space    used 18145K, committed 18752K, reserved 1048576K
}
Event: 10028.957 GC heap after
{Heap after GC invocations=57 (full 0):
 garbage-first heap   total 438272K, used 176348K [0x0000000080000000, 0x0000000100000000)
  region size 1024K, 1 young (1024K), 1 survivors (1024K)
 Metaspace       used 135841K, committed 137152K, reserved 1171456K
  class space    used 18145K, committed 18752K, reserved 1048576K
}
Event: 10035.374 GC heap before
{Heap before GC invocations=57 (full 0):
 garbage-first heap   total 438272K, used 255196K [0x0000000080000000, 0x0000000100000000)
  region size 1024K, 68 young (69632K), 1 survivors (1024K)
 Metaspace       used 143565K, committed 144896K, reserved 1179648K
  class space    used 19101K, committed 19712K, reserved 1048576K
}
Event: 10035.417 GC heap after
{Heap after GC invocations=58 (full 0):
 garbage-first heap   total 438272K, used 192392K [0x0000000080000000, 0x0000000100000000)
  region size 1024K, 7 young (7168K), 7 survivors (7168K)
 Metaspace       used 143565K, committed 144896K, reserved 1179648K
  class space    used 19101K, committed 19712K, reserved 1048576K
}
Event: 10036.343 GC heap before
{Heap before GC invocations=58 (full 0):
 garbage-first heap   total 438272K, used 206728K [0x0000000080000000, 0x0000000100000000)
  region size 1024K, 21 young (21504K), 7 survivors (7168K)
 Metaspace       used 143684K, committed 145024K, reserved 1179648K
  class space    used 19106K, committed 19712K, reserved 1048576K
}
Event: 10036.538 GC heap after
{Heap after GC invocations=59 (full 0):
 garbage-first heap   total 438272K, used 190099K [0x0000000080000000, 0x0000000100000000)
  region size 1024K, 3 young (3072K), 3 survivors (3072K)
 Metaspace       used 143684K, committed 145024K, reserved 1179648K
  class space    used 19106K, committed 19712K, reserved 1048576K
}
Event: 10039.790 GC heap before
{Heap before GC invocations=59 (full 0):
 garbage-first heap   total 438272K, used 208531K [0x0000000080000000, 0x0000000100000000)
  region size 1024K, 21 young (21504K), 3 survivors (3072K)
 Metaspace       used 143746K, committed 145024K, reserved 1179648K
  class space    used 19106K, committed 19712K, reserved 1048576K
}
Event: 10039.906 GC heap after
{Heap after GC invocations=60 (full 0):
 garbage-first heap   total 438272K, used 196121K [0x0000000080000000, 0x0000000100000000)
  region size 1024K, 3 young (3072K), 3 survivors (3072K)
 Metaspace       used 143746K, committed 145024K, reserved 1179648K
  class space    used 19106K, committed 19712K, reserved 1048576K
}
Event: 10041.946 GC heap before
{Heap before GC invocations=60 (full 0):
 garbage-first heap   total 438272K, used 216601K [0x0000000080000000, 0x0000000100000000)
  region size 1024K, 23 young (23552K), 3 survivors (3072K)
 Metaspace       used 143998K, committed 145280K, reserved 1179648K
  class space    used 19124K, committed 19712K, reserved 1048576K
}

